0 info it worked if it ends with ok
1 verbose cli [ '/usr/bin/nodejs', '/usr/bin/npm', 'install', 'react-canvas' ]
2 info using npm@3.10.10
3 info using node@v6.10.3
4 silly loadCurrentTree Starting
5 silly install loadCurrentTree
6 silly install readLocalPackageData
7 silly fetchPackageMetaData react-canvas
8 silly fetchNamedPackageData react-canvas
9 silly mapToRegistry name react-canvas
10 silly mapToRegistry using default registry
11 silly mapToRegistry registry https://registry.npmjs.org/
12 silly mapToRegistry data Result {
12 silly mapToRegistry   raw: 'react-canvas',
12 silly mapToRegistry   scope: null,
12 silly mapToRegistry   escapedName: 'react-canvas',
12 silly mapToRegistry   name: 'react-canvas',
12 silly mapToRegistry   rawSpec: '',
12 silly mapToRegistry   spec: 'latest',
12 silly mapToRegistry   type: 'tag' }
13 silly mapToRegistry uri https://registry.npmjs.org/react-canvas
14 verbose request uri https://registry.npmjs.org/react-canvas
15 verbose request no auth needed
16 info attempt registry request try #1 at 1:50:40 PM
17 verbose request id e76f1ee7a6be1e23
18 http request GET https://registry.npmjs.org/react-canvas
19 http 200 https://registry.npmjs.org/react-canvas
20 verbose headers { server: 'nginx/1.10.1',
20 verbose headers   'content-type': 'application/json',
20 verbose headers   'last-modified': 'Wed, 12 Apr 2017 05:33:02 GMT',
20 verbose headers   etag: 'W/"58edbc0e-4908"',
20 verbose headers   'content-encoding': 'gzip',
20 verbose headers   'cache-control': 'max-age=300',
20 verbose headers   'content-length': '5259',
20 verbose headers   'accept-ranges': 'bytes',
20 verbose headers   date: 'Fri, 12 May 2017 11:50:48 GMT',
20 verbose headers   via: '1.1 varnish',
20 verbose headers   age: '0',
20 verbose headers   connection: 'keep-alive',
20 verbose headers   'x-served-by': 'cache-hhn1529-HHN',
20 verbose headers   'x-cache': 'MISS',
20 verbose headers   'x-cache-hits': '0',
20 verbose headers   'x-timer': 'S1494589848.412707,VS0,VE18',
20 verbose headers   vary: 'Accept-Encoding' }
21 silly get cb [ 200,
21 silly get   { server: 'nginx/1.10.1',
21 silly get     'content-type': 'application/json',
21 silly get     'last-modified': 'Wed, 12 Apr 2017 05:33:02 GMT',
21 silly get     etag: 'W/"58edbc0e-4908"',
21 silly get     'content-encoding': 'gzip',
21 silly get     'cache-control': 'max-age=300',
21 silly get     'content-length': '5259',
21 silly get     'accept-ranges': 'bytes',
21 silly get     date: 'Fri, 12 May 2017 11:50:48 GMT',
21 silly get     via: '1.1 varnish',
21 silly get     age: '0',
21 silly get     connection: 'keep-alive',
21 silly get     'x-served-by': 'cache-hhn1529-HHN',
21 silly get     'x-cache': 'MISS',
21 silly get     'x-cache-hits': '0',
21 silly get     'x-timer': 'S1494589848.412707,VS0,VE18',
21 silly get     vary: 'Accept-Encoding' } ]
22 verbose get saving react-canvas to /home/eumb/.npm/registry.npmjs.org/react-canvas/.cache.json
23 verbose correctMkdir /home/eumb/.npm correctMkdir not in flight; initializing
24 silly install normalizeTree
25 silly loadCurrentTree Finishing
26 silly loadIdealTree Starting
27 silly install loadIdealTree
28 silly cloneCurrentTree Starting
29 silly install cloneCurrentTreeToIdealTree
30 silly cloneCurrentTree Finishing
31 silly loadShrinkwrap Starting
32 silly install loadShrinkwrap
33 silly loadShrinkwrap Finishing
34 silly loadAllDepsIntoIdealTree Starting
35 silly install loadAllDepsIntoIdealTree
36 silly resolveWithNewModule react-canvas@1.3.0 checking installable status
37 silly cache add args [ 'react-canvas', null ]
38 verbose cache add spec react-canvas
39 silly cache add parsed spec Result {
39 silly cache add   raw: 'react-canvas',
39 silly cache add   scope: null,
39 silly cache add   escapedName: 'react-canvas',
39 silly cache add   name: 'react-canvas',
39 silly cache add   rawSpec: '',
39 silly cache add   spec: 'latest',
39 silly cache add   type: 'tag' }
40 silly addNamed react-canvas@latest
41 verbose addNamed "latest" is being treated as a dist-tag for react-canvas
42 info addNameTag [ 'react-canvas', 'latest' ]
43 silly mapToRegistry name react-canvas
44 silly mapToRegistry using default registry
45 silly mapToRegistry registry https://registry.npmjs.org/
46 silly mapToRegistry data Result {
46 silly mapToRegistry   raw: 'react-canvas',
46 silly mapToRegistry   scope: null,
46 silly mapToRegistry   escapedName: 'react-canvas',
46 silly mapToRegistry   name: 'react-canvas',
46 silly mapToRegistry   rawSpec: '',
46 silly mapToRegistry   spec: 'latest',
46 silly mapToRegistry   type: 'tag' }
47 silly mapToRegistry uri https://registry.npmjs.org/react-canvas
48 verbose addNameTag registry:https://registry.npmjs.org/react-canvas not in flight; fetching
49 verbose get https://registry.npmjs.org/react-canvas not expired, no request
50 silly addNameTag next cb for react-canvas with tag latest
51 silly addNamed react-canvas@1.3.0
52 verbose addNamed "1.3.0" is a plain semver version for react-canvas
53 silly mapToRegistry name react-canvas
54 silly mapToRegistry using default registry
55 silly mapToRegistry registry https://registry.npmjs.org/
56 silly mapToRegistry data Result {
56 silly mapToRegistry   raw: 'react-canvas',
56 silly mapToRegistry   scope: null,
56 silly mapToRegistry   escapedName: 'react-canvas',
56 silly mapToRegistry   name: 'react-canvas',
56 silly mapToRegistry   rawSpec: '',
56 silly mapToRegistry   spec: 'latest',
56 silly mapToRegistry   type: 'tag' }
57 silly mapToRegistry uri https://registry.npmjs.org/react-canvas
58 verbose addRemoteTarball https://registry.npmjs.org/react-canvas/-/react-canvas-1.3.0.tgz not in flight; adding
59 verbose addRemoteTarball [ 'https://registry.npmjs.org/react-canvas/-/react-canvas-1.3.0.tgz',
59 verbose addRemoteTarball   'ebf9eae6f588e524213235c5886ff5d558d7665f' ]
60 info retry fetch attempt 1 at 1:50:48 PM
61 info attempt registry request try #1 at 1:50:48 PM
62 http fetch GET https://registry.npmjs.org/react-canvas/-/react-canvas-1.3.0.tgz
63 http fetch 200 https://registry.npmjs.org/react-canvas/-/react-canvas-1.3.0.tgz
64 silly fetchAndShaCheck shasum ebf9eae6f588e524213235c5886ff5d558d7665f
65 verbose addTmpTarball /tmp/npm-1988-f2921fb6/registry.npmjs.org/react-canvas/-/react-canvas-1.3.0.tgz not in flight; adding
66 verbose addTmpTarball already have metadata; skipping unpack for react-canvas@1.3.0
67 verbose correctMkdir /home/eumb/.npm correctMkdir not in flight; initializing
68 silly cache afterAdd react-canvas@1.3.0
69 verbose afterAdd /home/eumb/.npm/react-canvas/1.3.0/package/package.json not in flight; writing
70 verbose correctMkdir /home/eumb/.npm correctMkdir not in flight; initializing
71 verbose afterAdd /home/eumb/.npm/react-canvas/1.3.0/package/package.json written
72 silly fetchNamedPackageData linebreak
73 silly mapToRegistry name linebreak
74 silly mapToRegistry using default registry
75 silly mapToRegistry registry https://registry.npmjs.org/
76 silly mapToRegistry data Result {
76 silly mapToRegistry   raw: 'linebreak',
76 silly mapToRegistry   scope: null,
76 silly mapToRegistry   escapedName: 'linebreak',
76 silly mapToRegistry   name: 'linebreak',
76 silly mapToRegistry   rawSpec: '',
76 silly mapToRegistry   spec: 'latest',
76 silly mapToRegistry   type: 'tag' }
77 silly mapToRegistry uri https://registry.npmjs.org/linebreak
78 silly fetchOtherPackageData scroller@git://github.com/mjohnston/scroller.git
79 silly cache add args [ 'scroller@git://github.com/mjohnston/scroller.git', null ]
80 verbose cache add spec scroller@git://github.com/mjohnston/scroller.git
81 verbose request uri https://registry.npmjs.org/linebreak
82 verbose request no auth needed
83 info attempt registry request try #1 at 1:50:48 PM
84 http request GET https://registry.npmjs.org/linebreak
85 silly cache add parsed spec Result {
85 silly cache add   raw: 'scroller@git://github.com/mjohnston/scroller.git',
85 silly cache add   scope: null,
85 silly cache add   escapedName: 'scroller',
85 silly cache add   name: 'scroller',
85 silly cache add   rawSpec: 'git://github.com/mjohnston/scroller.git',
85 silly cache add   spec: 'git://github.com/mjohnston/scroller.git',
85 silly cache add   type: 'hosted',
85 silly cache add   hosted:
85 silly cache add    { type: 'github',
85 silly cache add      ssh: 'git@github.com:mjohnston/scroller.git',
85 silly cache add      sshUrl: 'git+ssh://git@github.com/mjohnston/scroller.git',
85 silly cache add      httpsUrl: 'git+https://github.com/mjohnston/scroller.git',
85 silly cache add      gitUrl: 'git://github.com/mjohnston/scroller.git',
85 silly cache add      shortcut: 'github:mjohnston/scroller',
85 silly cache add      directUrl: 'https://raw.githubusercontent.com/mjohnston/scroller/master/package.json' } }
86 verbose addRemoteGit caching git://github.com/mjohnston/scroller.git
87 verbose addRemoteGit git://github.com/mjohnston/scroller.git is a repository hosted by github
88 silly tryClone cloning git://github.com/mjohnston/scroller.git via git://github.com/mjohnston/scroller.git
89 verbose tryClone git-github-com-mjohnston-scroller-git-cc22c3d7 not in flight; caching
90 verbose correctMkdir /home/eumb/.npm/_git-remotes correctMkdir not in flight; initializing
91 verbose makeDirectory /home/eumb/.npm/_git-remotes creation not in flight; initializing
92 silly makeDirectory /home/eumb/.npm/_git-remotes uid: 1000 gid: 1000
93 error git clone --template=/home/eumb/.npm/_git-remotes/_templates --mirror git://github.com/mjohnston/scroller.git /home/eumb/.npm/_git-remotes/git-github-com-mjohnston-scroller-git-cc22c3d7: undefined
93 error git clone --template=/home/eumb/.npm/_git-remotes/_templates --mirror git://github.com/mjohnston/scroller.git /home/eumb/.npm/_git-remotes/git-github-com-mjohnston-scroller-git-cc22c3d7: undefined
94 silly fetchPackageMetaData Error: not found: git
94 silly fetchPackageMetaData     at getNotFoundError (/usr/lib/node_modules/npm/node_modules/which/which.js:14:12)
94 silly fetchPackageMetaData     at F (/usr/lib/node_modules/npm/node_modules/which/which.js:69:19)
94 silly fetchPackageMetaData     at E (/usr/lib/node_modules/npm/node_modules/which/which.js:81:29)
94 silly fetchPackageMetaData     at /usr/lib/node_modules/npm/node_modules/which/which.js:90:16
94 silly fetchPackageMetaData     at /usr/lib/node_modules/npm/node_modules/which/node_modules/isexe/index.js:44:5
94 silly fetchPackageMetaData     at /usr/lib/node_modules/npm/node_modules/which/node_modules/isexe/access.js:8:5
94 silly fetchPackageMetaData     at FSReqWrap.oncomplete (fs.js:123:15)
94 silly fetchPackageMetaData  error for scroller@git://github.com/mjohnston/scroller.git { Error: not found: git
94 silly fetchPackageMetaData     at getNotFoundError (/usr/lib/node_modules/npm/node_modules/which/which.js:14:12)
94 silly fetchPackageMetaData     at F (/usr/lib/node_modules/npm/node_modules/which/which.js:69:19)
94 silly fetchPackageMetaData     at E (/usr/lib/node_modules/npm/node_modules/which/which.js:81:29)
94 silly fetchPackageMetaData     at /usr/lib/node_modules/npm/node_modules/which/which.js:90:16
94 silly fetchPackageMetaData     at /usr/lib/node_modules/npm/node_modules/which/node_modules/isexe/index.js:44:5
94 silly fetchPackageMetaData     at /usr/lib/node_modules/npm/node_modules/which/node_modules/isexe/access.js:8:5
94 silly fetchPackageMetaData     at FSReqWrap.oncomplete (fs.js:123:15) code: 'ENOGIT' }
95 http 200 https://registry.npmjs.org/linebreak
96 verbose headers { server: 'nginx/1.10.1',
96 verbose headers   'content-type': 'application/json',
96 verbose headers   'last-modified': 'Sun, 15 Feb 2015 02:31:42 GMT',
96 verbose headers   etag: 'W/"54e0050e-23dc"',
96 verbose headers   'content-encoding': 'gzip',
96 verbose headers   'cache-control': 'max-age=300',
96 verbose headers   'content-length': '2424',
96 verbose headers   'accept-ranges': 'bytes',
96 verbose headers   date: 'Fri, 12 May 2017 11:50:48 GMT',
96 verbose headers   via: '1.1 varnish',
96 verbose headers   age: '290',
96 verbose headers   connection: 'keep-alive',
96 verbose headers   'x-served-by': 'cache-hhn1529-HHN',
96 verbose headers   'x-cache': 'HIT',
96 verbose headers   'x-cache-hits': '1',
96 verbose headers   'x-timer': 'S1494589849.752422,VS0,VE0',
96 verbose headers   vary: 'Accept-Encoding' }
97 silly get cb [ 200,
97 silly get   { server: 'nginx/1.10.1',
97 silly get     'content-type': 'application/json',
97 silly get     'last-modified': 'Sun, 15 Feb 2015 02:31:42 GMT',
97 silly get     etag: 'W/"54e0050e-23dc"',
97 silly get     'content-encoding': 'gzip',
97 silly get     'cache-control': 'max-age=300',
97 silly get     'content-length': '2424',
97 silly get     'accept-ranges': 'bytes',
97 silly get     date: 'Fri, 12 May 2017 11:50:48 GMT',
97 silly get     via: '1.1 varnish',
97 silly get     age: '290',
97 silly get     connection: 'keep-alive',
97 silly get     'x-served-by': 'cache-hhn1529-HHN',
97 silly get     'x-cache': 'HIT',
97 silly get     'x-cache-hits': '1',
97 silly get     'x-timer': 'S1494589849.752422,VS0,VE0',
97 silly get     vary: 'Accept-Encoding' } ]
98 verbose get saving linebreak to /home/eumb/.npm/registry.npmjs.org/linebreak/.cache.json
99 verbose correctMkdir /home/eumb/.npm correctMkdir not in flight; initializing
100 silly resolveWithNewModule linebreak@0.3.0 checking installable status
101 silly cache add args [ 'linebreak@^0.3.0', null ]
102 verbose cache add spec linebreak@^0.3.0
103 silly cache add parsed spec Result {
103 silly cache add   raw: 'linebreak@^0.3.0',
103 silly cache add   scope: null,
103 silly cache add   escapedName: 'linebreak',
103 silly cache add   name: 'linebreak',
103 silly cache add   rawSpec: '^0.3.0',
103 silly cache add   spec: '>=0.3.0 <0.4.0',
103 silly cache add   type: 'range' }
104 silly addNamed linebreak@>=0.3.0 <0.4.0
105 verbose addNamed ">=0.3.0 <0.4.0" is a valid semver range for linebreak
106 silly addNameRange { name: 'linebreak', range: '>=0.3.0 <0.4.0', hasData: false }
107 silly mapToRegistry name linebreak
108 silly mapToRegistry using default registry
109 silly mapToRegistry registry https://registry.npmjs.org/
110 silly mapToRegistry data Result {
110 silly mapToRegistry   raw: 'linebreak',
110 silly mapToRegistry   scope: null,
110 silly mapToRegistry   escapedName: 'linebreak',
110 silly mapToRegistry   name: 'linebreak',
110 silly mapToRegistry   rawSpec: '',
110 silly mapToRegistry   spec: 'latest',
110 silly mapToRegistry   type: 'tag' }
111 silly mapToRegistry uri https://registry.npmjs.org/linebreak
112 verbose addNameRange registry:https://registry.npmjs.org/linebreak not in flight; fetching
113 verbose get https://registry.npmjs.org/linebreak not expired, no request
114 silly addNameRange number 2 { name: 'linebreak', range: '>=0.3.0 <0.4.0', hasData: true }
115 silly addNameRange versions [ 'linebreak', [ '0.1.0', '0.1.1', '0.1.2', '0.2.0', '0.3.0' ] ]
116 silly addNamed linebreak@0.3.0
117 verbose addNamed "0.3.0" is a plain semver version for linebreak
118 silly mapToRegistry name linebreak
119 silly mapToRegistry using default registry
120 silly mapToRegistry registry https://registry.npmjs.org/
121 silly mapToRegistry data Result {
121 silly mapToRegistry   raw: 'linebreak',
121 silly mapToRegistry   scope: null,
121 silly mapToRegistry   escapedName: 'linebreak',
121 silly mapToRegistry   name: 'linebreak',
121 silly mapToRegistry   rawSpec: '',
121 silly mapToRegistry   spec: 'latest',
121 silly mapToRegistry   type: 'tag' }
122 silly mapToRegistry uri https://registry.npmjs.org/linebreak
123 verbose addRemoteTarball https://registry.npmjs.org/linebreak/-/linebreak-0.3.0.tgz not in flight; adding
124 verbose addRemoteTarball [ 'https://registry.npmjs.org/linebreak/-/linebreak-0.3.0.tgz',
124 verbose addRemoteTarball   '0526480a62c05bd679f3e9d99830e09c6a7d0ed6' ]
125 info retry fetch attempt 1 at 1:50:48 PM
126 info attempt registry request try #1 at 1:50:48 PM
127 http fetch GET https://registry.npmjs.org/linebreak/-/linebreak-0.3.0.tgz
128 http fetch 200 https://registry.npmjs.org/linebreak/-/linebreak-0.3.0.tgz
129 silly fetchAndShaCheck shasum 0526480a62c05bd679f3e9d99830e09c6a7d0ed6
130 verbose addTmpTarball /tmp/npm-1988-f2921fb6/registry.npmjs.org/linebreak/-/linebreak-0.3.0.tgz not in flight; adding
131 verbose addTmpTarball already have metadata; skipping unpack for linebreak@0.3.0
132 verbose correctMkdir /home/eumb/.npm correctMkdir not in flight; initializing
133 silly cache afterAdd linebreak@0.3.0
134 verbose afterAdd /home/eumb/.npm/linebreak/0.3.0/package/package.json not in flight; writing
135 verbose correctMkdir /home/eumb/.npm correctMkdir not in flight; initializing
136 verbose afterAdd /home/eumb/.npm/linebreak/0.3.0/package/package.json written
137 silly rollbackFailedOptional Starting
138 silly rollbackFailedOptional Finishing
139 silly runTopLevelLifecycles Finishing
140 silly install printInstalled
141 verbose stack Error: not found: git
141 verbose stack     at getNotFoundError (/usr/lib/node_modules/npm/node_modules/which/which.js:14:12)
141 verbose stack     at F (/usr/lib/node_modules/npm/node_modules/which/which.js:69:19)
141 verbose stack     at E (/usr/lib/node_modules/npm/node_modules/which/which.js:81:29)
141 verbose stack     at /usr/lib/node_modules/npm/node_modules/which/which.js:90:16
141 verbose stack     at /usr/lib/node_modules/npm/node_modules/which/node_modules/isexe/index.js:44:5
141 verbose stack     at /usr/lib/node_modules/npm/node_modules/which/node_modules/isexe/access.js:8:5
141 verbose stack     at FSReqWrap.oncomplete (fs.js:123:15)
142 verbose cwd /mnt/i/WebApps/smartBuilding
143 error Linux 3.4.0+
144 error argv "/usr/bin/nodejs" "/usr/bin/npm" "install" "react-canvas"
145 error node v6.10.3
146 error npm  v3.10.10
147 error code ENOGIT
148 error not found: git
149 error Failed using git.
149 error This is most likely not a problem with npm itself.
149 error Please check if you have git installed and in your PATH.
150 verbose exit [ 1, true ]
